{
"/home/benjamin/Desktop/projects/node/broccoli-salesforce-deploy/lib/deploy.js":{"path":"/home/benjamin/Desktop/projects/node/broccoli-salesforce-deploy/lib/deploy.js","s":{"1":1,"2":1,"3":2,"4":2,"5":2,"6":1,"7":2,"8":1},"b":{"1":[1,1],"2":[2,2],"3":[2,2]},"f":{"1":2,"2":2,"3":2},"fnMap":{"1":{"name":"(anonymous_1)","line":4,"loc":{"start":{"line":4,"column":18},"end":{"line":4,"column":48}}},"2":{"name":"(anonymous_2)","line":5,"loc":{"start":{"line":5,"column":23},"end":{"line":5,"column":48}}},"3":{"name":"(anonymous_3)","line":6,"loc":{"start":{"line":6,"column":60},"end":{"line":6,"column":80}}}},"statementMap":{"1":{"start":{"line":1,"column":0},"end":{"line":1,"column":23}},"2":{"start":{"line":3,"column":0},"end":{"line":18,"column":2}},"3":{"start":{"line":5,"column":4},"end":{"line":16,"column":7}},"4":{"start":{"line":6,"column":6},"end":{"line":15,"column":9}},"5":{"start":{"line":7,"column":8},"end":{"line":7,"column":28}},"6":{"start":{"line":7,"column":16},"end":{"line":7,"column":28}},"7":{"start":{"line":9,"column":8},"end":{"line":14,"column":12}},"8":{"start":{"line":20,"column":0},"end":{"line":20,"column":24}}},"branchMap":{"1":{"line":7,"type":"if","locations":[{"start":{"line":7,"column":8},"end":{"line":7,"column":8}},{"start":{"line":7,"column":8},"end":{"line":7,"column":8}}]},"2":{"line":11,"type":"binary-expr","locations":[{"start":{"line":11,"column":24},"end":{"line":11,"column":44}},{"start":{"line":11,"column":48},"end":{"line":11,"column":57}}]},"3":{"line":12,"type":"binary-expr","locations":[{"start":{"line":12,"column":23},"end":{"line":12,"column":42}},{"start":{"line":12,"column":46},"end":{"line":12,"column":63}}]}},"l":{"1":1,"3":1,"5":2,"6":2,"7":2,"9":2,"20":1}}}
